2015-12-28 17:34:03,824 [localhost-startStop-1] ERROR StackTrace  - Full Stack Trace:
groovy.lang.GroovyRuntimeException: Could not find matching constructor for: test.NewDomainClass(org.codehaus.groovy.runtime.GStringImpl)
	at groovy.lang.MetaClassImpl.invokeConstructor(MetaClassImpl.java:1726)
	at groovy.lang.MetaClassImpl.invokeConstructor(MetaClassImpl.java:1529)
	at groovy.lang.ExpandoMetaClass.invokeConstructor(ExpandoMetaClass.java:679)
	at org.codehaus.groovy.runtime.callsite.MetaClassConstructorSite.callConstructor(MetaClassConstructorSite.java:49)
	at org.codehaus.groovy.runtime.callsite.CallSiteArray.defaultCallConstructor(CallSiteArray.java:60)
	at org.codehaus.groovy.runtime.callsite.AbstractCallSite.callConstructor(AbstractCallSite.java:235)
	at org.codehaus.groovy.runtime.callsite.AbstractCallSite.callConstructor(AbstractCallSite.java:247)
	at BootStrap$_closure1$_closure3$_closure4.doCall(BootStrap.groovy:10)
	at BootStrap$_closure1$_closure3$_closure4.doCall(BootStrap.groovy)
	at sun.reflect.NativeMethodAccessorImpl.invoke0(Native Method)
	at sun.reflect.NativeMethodAccessorImpl.invoke(NativeMethodAccessorImpl.java:62)
	at sun.reflect.DelegatingMethodAccessorImpl.invoke(DelegatingMethodAccessorImpl.java:43)
	at java.lang.reflect.Method.invoke(Method.java:497)
	at org.springsource.loaded.ri.ReflectiveInterceptor.jlrMethodInvoke(ReflectiveInterceptor.java:1426)
	at org.codehaus.groovy.reflection.CachedMethod.invoke(CachedMethod.java:93)
	at groovy.lang.MetaMethod.doMethodInvoke(MetaMethod.java:325)
	at groovy.lang.MetaClassImpl.invokeMethod(MetaClassImpl.java:1210)
	at groovy.lang.ExpandoMetaClass.invokeMethod(ExpandoMetaClass.java:1123)
	at groovy.lang.MetaClassImpl.invokeMethod(MetaClassImpl.java:1019)
	at groovy.lang.Closure.call(Closure.java:426)
	at BootStrap$_closure1$_closure3$_closure4.call(BootStrap.groovy)
	at groovy.lang.Closure.call(Closure.java:420)
	at BootStrap$_closure1$_closure3$_closure4.call(BootStrap.groovy)
	at grails.util.Environment$EnvironmentBlockEvaluator.execute(Environment.java:340)
	at grails.util.Environment.executeForEnvironment(Environment.java:321)
	at grails.util.Environment.executeForCurrentEnvironment(Environment.java:296)
	at org.codehaus.groovy.grails.commons.DefaultGrailsBootstrapClass.callInit(DefaultGrailsBootstrapClass.java:60)
	at org.codehaus.groovy.grails.web.context.GrailsConfigUtils.executeGrailsBootstraps(GrailsConfigUtils.java:78)
	at org.codehaus.groovy.grails.web.context.GrailsContextLoaderListener.initWebApplicationContext(GrailsContextLoaderListener.java:110)
	at org.springframework.web.context.ContextLoaderListener.contextInitialized(ContextLoaderListener.java:106)
	at org.apache.catalina.core.StandardContext.listenerStart(StandardContext.java:4992)
	at org.apache.catalina.core.StandardContext.startInternal(StandardContext.java:5490)
	at org.apache.catalina.util.LifecycleBase.start(LifecycleBase.java:150)
	at org.apache.catalina.core.ContainerBase$StartChild.call(ContainerBase.java:1575)
	at org.apache.catalina.core.ContainerBase$StartChild.call(ContainerBase.java:1565)
	at java.util.concurrent.FutureTask.run(FutureTask.java:266)
	at java.util.concurrent.ThreadPoolExecutor.runWorker(ThreadPoolExecutor.java:1142)
	at java.util.concurrent.ThreadPoolExecutor$Worker.run(ThreadPoolExecutor.java:617)
	at java.lang.Thread.run(Thread.java:745)
2015-12-28 17:34:03,827 [localhost-startStop-1] ERROR StackTrace  - Full Stack Trace:
groovy.lang.GroovyRuntimeException: Could not find matching constructor for: test.NewDomainClass(org.codehaus.groovy.runtime.GStringImpl)
	at BootStrap$_closure1$_closure3$_closure4.doCall(BootStrap.groovy:10)
	at grails.util.Environment$EnvironmentBlockEvaluator.execute(Environment.java:340)
	at grails.util.Environment.executeForEnvironment(Environment.java:321)
	at grails.util.Environment.executeForCurrentEnvironment(Environment.java:296)
	at java.util.concurrent.FutureTask.run(FutureTask.java:266)
	at java.util.concurrent.ThreadPoolExecutor.runWorker(ThreadPoolExecutor.java:1142)
	at java.util.concurrent.ThreadPoolExecutor$Worker.run(ThreadPoolExecutor.java:617)
	at java.lang.Thread.run(Thread.java:745)
2015-12-28 17:34:03,827 [localhost-startStop-1] ERROR StackTrace  - Full Stack Trace:
groovy.lang.GroovyRuntimeException: Could not find matching constructor for: test.NewDomainClass(org.codehaus.groovy.runtime.GStringImpl)
	at BootStrap$_closure1$_closure3$_closure4.doCall(BootStrap.groovy:10)
	at grails.util.Environment$EnvironmentBlockEvaluator.execute(Environment.java:340)
	at grails.util.Environment.executeForEnvironment(Environment.java:321)
	at grails.util.Environment.executeForCurrentEnvironment(Environment.java:296)
	at java.util.concurrent.FutureTask.run(FutureTask.java:266)
	at java.util.concurrent.ThreadPoolExecutor.runWorker(ThreadPoolExecutor.java:1142)
	at java.util.concurrent.ThreadPoolExecutor$Worker.run(ThreadPoolExecutor.java:617)
	at java.lang.Thread.run(Thread.java:745)
2015-12-28 17:34:03,827 [localhost-startStop-1] ERROR StackTrace  - Full Stack Trace:
groovy.lang.GroovyRuntimeException: Could not find matching constructor for: test.NewDomainClass(org.codehaus.groovy.runtime.GStringImpl)
	at BootStrap$_closure1$_closure3$_closure4.doCall(BootStrap.groovy:10)
	at grails.util.Environment$EnvironmentBlockEvaluator.execute(Environment.java:340)
	at grails.util.Environment.executeForEnvironment(Environment.java:321)
	at grails.util.Environment.executeForCurrentEnvironment(Environment.java:296)
	at java.util.concurrent.FutureTask.run(FutureTask.java:266)
	at java.util.concurrent.ThreadPoolExecutor.runWorker(ThreadPoolExecutor.java:1142)
	at java.util.concurrent.ThreadPoolExecutor$Worker.run(ThreadPoolExecutor.java:617)
	at java.lang.Thread.run(Thread.java:745)
2015-12-28 17:34:03,827 [localhost-startStop-1] ERROR StackTrace  - Full Stack Trace:
groovy.lang.GroovyRuntimeException: Could not find matching constructor for: test.NewDomainClass(org.codehaus.groovy.runtime.GStringImpl)
	at BootStrap$_closure1$_closure3$_closure4.doCall(BootStrap.groovy:10)
	at grails.util.Environment$EnvironmentBlockEvaluator.execute(Environment.java:340)
	at grails.util.Environment.executeForEnvironment(Environment.java:321)
	at grails.util.Environment.executeForCurrentEnvironment(Environment.java:296)
	at java.util.concurrent.FutureTask.run(FutureTask.java:266)
	at java.util.concurrent.ThreadPoolExecutor.runWorker(ThreadPoolExecutor.java:1142)
	at java.util.concurrent.ThreadPoolExecutor$Worker.run(ThreadPoolExecutor.java:617)
	at java.lang.Thread.run(Thread.java:745)
2015-12-28 17:34:03,827 [localhost-startStop-1] ERROR StackTrace  - Full Stack Trace:
groovy.lang.GroovyRuntimeException: Could not find matching constructor for: test.NewDomainClass(org.codehaus.groovy.runtime.GStringImpl)
	at BootStrap$_closure1$_closure3$_closure4.doCall(BootStrap.groovy:10)
	at grails.util.Environment$EnvironmentBlockEvaluator.execute(Environment.java:340)
	at grails.util.Environment.executeForEnvironment(Environment.java:321)
	at grails.util.Environment.executeForCurrentEnvironment(Environment.java:296)
	at java.util.concurrent.FutureTask.run(FutureTask.java:266)
	at java.util.concurrent.ThreadPoolExecutor.runWorker(ThreadPoolExecutor.java:1142)
	at java.util.concurrent.ThreadPoolExecutor$Worker.run(ThreadPoolExecutor.java:617)
	at java.lang.Thread.run(Thread.java:745)
